2006.09.19 18:16 B H:\Eva\imaging\matlab_toolbox\FastICA_2.5\FastICA_25\Contents.m --> hornet.sph.emory.edu /home/yguo2/YingMatlabToolbox/FastICA_25 Contents.m
2006.09.19 18:16 B H:\Eva\imaging\matlab_toolbox\FastICA_2.5\FastICA_25\demosig.m --> hornet.sph.emory.edu /home/yguo2/YingMatlabToolbox/FastICA_25 demosig.m
2006.09.19 18:16 B H:\Eva\imaging\matlab_toolbox\FastICA_2.5\FastICA_25\dispsig.m --> hornet.sph.emory.edu /home/yguo2/YingMatlabToolbox/FastICA_25 dispsig.m
2006.09.19 18:16 B H:\Eva\imaging\matlab_toolbox\FastICA_2.5\FastICA_25\fastica.m --> hornet.sph.emory.edu /home/yguo2/YingMatlabToolbox/FastICA_25 fastica.m
2006.09.19 18:16 B H:\Eva\imaging\matlab_toolbox\FastICA_2.5\FastICA_25\fasticag.m --> hornet.sph.emory.edu /home/yguo2/YingMatlabToolbox/FastICA_25 fasticag.m
2006.09.19 18:16 B H:\Eva\imaging\matlab_toolbox\FastICA_2.5\FastICA_25\fpica.m --> hornet.sph.emory.edu /home/yguo2/YingMatlabToolbox/FastICA_25 fpica.m
2006.09.19 18:16 B H:\Eva\imaging\matlab_toolbox\FastICA_2.5\FastICA_25\gui_adv.m --> hornet.sph.emory.edu /home/yguo2/YingMatlabToolbox/FastICA_25 gui_adv.m
2006.09.19 18:16 B H:\Eva\imaging\matlab_toolbox\FastICA_2.5\FastICA_25\gui_advc.m --> hornet.sph.emory.edu /home/yguo2/YingMatlabToolbox/FastICA_25 gui_advc.m
2006.09.19 18:16 B H:\Eva\imaging\matlab_toolbox\FastICA_2.5\FastICA_25\gui_cb.m --> hornet.sph.emory.edu /home/yguo2/YingMatlabToolbox/FastICA_25 gui_cb.m
2006.09.19 18:16 B H:\Eva\imaging\matlab_toolbox\FastICA_2.5\FastICA_25\gui_cg.m --> hornet.sph.emory.edu /home/yguo2/YingMatlabToolbox/FastICA_25 gui_cg.m
2006.09.19 18:16 B H:\Eva\imaging\matlab_toolbox\FastICA_2.5\FastICA_25\gui_help.m --> hornet.sph.emory.edu /home/yguo2/YingMatlabToolbox/FastICA_25 gui_help.m
2006.09.19 18:16 B H:\Eva\imaging\matlab_toolbox\FastICA_2.5\FastICA_25\gui_l.m --> hornet.sph.emory.edu /home/yguo2/YingMatlabToolbox/FastICA_25 gui_l.m
2006.09.19 18:16 B H:\Eva\imaging\matlab_toolbox\FastICA_2.5\FastICA_25\gui_lc.m --> hornet.sph.emory.edu /home/yguo2/YingMatlabToolbox/FastICA_25 gui_lc.m
2006.09.19 18:16 B H:\Eva\imaging\matlab_toolbox\FastICA_2.5\FastICA_25\gui_s.m --> hornet.sph.emory.edu /home/yguo2/YingMatlabToolbox/FastICA_25 gui_s.m
2006.09.19 18:16 B H:\Eva\imaging\matlab_toolbox\FastICA_2.5\FastICA_25\gui_sc.m --> hornet.sph.emory.edu /home/yguo2/YingMatlabToolbox/FastICA_25 gui_sc.m
2006.09.19 18:16 B H:\Eva\imaging\matlab_toolbox\FastICA_2.5\FastICA_25\icaplot.m --> hornet.sph.emory.edu /home/yguo2/YingMatlabToolbox/FastICA_25 icaplot.m
2006.09.19 18:16 B H:\Eva\imaging\matlab_toolbox\FastICA_2.5\FastICA_25\pcamat.m --> hornet.sph.emory.edu /home/yguo2/YingMatlabToolbox/FastICA_25 pcamat.m
2006.09.19 18:16 B H:\Eva\imaging\matlab_toolbox\FastICA_2.5\FastICA_25\remmean.m --> hornet.sph.emory.edu /home/yguo2/YingMatlabToolbox/FastICA_25 remmean.m
2006.09.19 18:16 B H:\Eva\imaging\matlab_toolbox\FastICA_2.5\FastICA_25\whitenv.m --> hornet.sph.emory.edu /home/yguo2/YingMatlabToolbox/FastICA_25 whitenv.m
2006.11.16 18:26 B H:\Eva\imaging\matlab_toolbox\FastICA_2.5\FastICA_25\fastica_tensor.m --> hornet.sph.emory.edu /home/yguo2/YingMatlabToolbox/FastICA_25 fastica_tensor.m
2006.11.16 18:26 B H:\Eva\imaging\matlab_toolbox\FastICA_2.5\FastICA_25\fpica_tensor.m --> hornet.sph.emory.edu /home/yguo2/YingMatlabToolbox/FastICA_25 fpica_tensor.m
2007.07.19 15:29 B H:\Eva\imaging\matlab_toolbox\FastICA_2.5\FastICA_25\fastica_tensor.m <-- Emory_Software_Server /home/yguo2/YingMatlabToolbox/FastICA_25 fastica_tensor.m
2007.07.19 15:29 B H:\Eva\imaging\matlab_toolbox\FastICA_2.5\FastICA_25\fastica_tensor2.m <-- Emory_Software_Server /home/yguo2/YingMatlabToolbox/FastICA_25 fastica_tensor2.m
2007.07.19 15:29 B H:\Eva\imaging\matlab_toolbox\FastICA_2.5\FastICA_25\Contents.m <-- Emory_Software_Server /home/yguo2/YingMatlabToolbox/FastICA_25 Contents.m
2007.07.19 15:29 B H:\Eva\imaging\matlab_toolbox\FastICA_2.5\FastICA_25\demosig.m <-- Emory_Software_Server /home/yguo2/YingMatlabToolbox/FastICA_25 demosig.m
2007.07.19 15:29 B H:\Eva\imaging\matlab_toolbox\FastICA_2.5\FastICA_25\dispsig.m <-- Emory_Software_Server /home/yguo2/YingMatlabToolbox/FastICA_25 dispsig.m
2007.07.19 15:29 B H:\Eva\imaging\matlab_toolbox\FastICA_2.5\FastICA_25\fastica.m <-- Emory_Software_Server /home/yguo2/YingMatlabToolbox/FastICA_25 fastica.m
2007.07.19 15:29 B H:\Eva\imaging\matlab_toolbox\FastICA_2.5\FastICA_25\fastica_tensor.m~ <-- Emory_Software_Server /home/yguo2/YingMatlabToolbox/FastICA_25 fastica_tensor.m~
2007.07.19 15:29 B H:\Eva\imaging\matlab_toolbox\FastICA_2.5\FastICA_25\fastica_tensor_ACconverge.m <-- Emory_Software_Server /home/yguo2/YingMatlabToolbox/FastICA_25 fastica_tensor_ACconverge.m
2007.07.19 15:29 B H:\Eva\imaging\matlab_toolbox\FastICA_2.5\FastICA_25\fastica_tensor_ACconverge.m~ <-- Emory_Software_Server /home/yguo2/YingMatlabToolbox/FastICA_25 fastica_tensor_ACconverge.m~
2007.07.19 15:29 B H:\Eva\imaging\matlab_toolbox\FastICA_2.5\FastICA_25\fasticag.m <-- Emory_Software_Server /home/yguo2/YingMatlabToolbox/FastICA_25 fasticag.m
2007.07.19 15:29 B H:\Eva\imaging\matlab_toolbox\FastICA_2.5\FastICA_25\fpica.m <-- Emory_Software_Server /home/yguo2/YingMatlabToolbox/FastICA_25 fpica.m
2007.07.19 15:29 B H:\Eva\imaging\matlab_toolbox\FastICA_2.5\FastICA_25\fpica_tensor.m <-- Emory_Software_Server /home/yguo2/YingMatlabToolbox/FastICA_25 fpica_tensor.m
2007.07.19 15:29 B H:\Eva\imaging\matlab_toolbox\FastICA_2.5\FastICA_25\fpica_tensor.m~ <-- Emory_Software_Server /home/yguo2/YingMatlabToolbox/FastICA_25 fpica_tensor.m~
2007.07.19 15:29 B H:\Eva\imaging\matlab_toolbox\FastICA_2.5\FastICA_25\fpica_tensor2.m <-- Emory_Software_Server /home/yguo2/YingMatlabToolbox/FastICA_25 fpica_tensor2.m
2007.07.19 15:29 B H:\Eva\imaging\matlab_toolbox\FastICA_2.5\FastICA_25\fpica_tensor2.m~ <-- Emory_Software_Server /home/yguo2/YingMatlabToolbox/FastICA_25 fpica_tensor2.m~
2007.07.19 15:29 B H:\Eva\imaging\matlab_toolbox\FastICA_2.5\FastICA_25\fpica_tensor_ACconverge.m <-- Emory_Software_Server /home/yguo2/YingMatlabToolbox/FastICA_25 fpica_tensor_ACconverge.m
2007.07.19 15:29 B H:\Eva\imaging\matlab_toolbox\FastICA_2.5\FastICA_25\fpica_tensor_ACconverge.m~ <-- Emory_Software_Server /home/yguo2/YingMatlabToolbox/FastICA_25 fpica_tensor_ACconverge.m~
2007.07.19 15:29 B H:\Eva\imaging\matlab_toolbox\FastICA_2.5\FastICA_25\gui_adv.m <-- Emory_Software_Server /home/yguo2/YingMatlabToolbox/FastICA_25 gui_adv.m
2007.07.19 15:29 B H:\Eva\imaging\matlab_toolbox\FastICA_2.5\FastICA_25\gui_advc.m <-- Emory_Software_Server /home/yguo2/YingMatlabToolbox/FastICA_25 gui_advc.m
2007.07.19 15:29 B H:\Eva\imaging\matlab_toolbox\FastICA_2.5\FastICA_25\gui_cb.m <-- Emory_Software_Server /home/yguo2/YingMatlabToolbox/FastICA_25 gui_cb.m
2007.07.19 15:29 B H:\Eva\imaging\matlab_toolbox\FastICA_2.5\FastICA_25\gui_cg.m <-- Emory_Software_Server /home/yguo2/YingMatlabToolbox/FastICA_25 gui_cg.m
2007.07.19 15:29 B H:\Eva\imaging\matlab_toolbox\FastICA_2.5\FastICA_25\gui_help.m <-- Emory_Software_Server /home/yguo2/YingMatlabToolbox/FastICA_25 gui_help.m
2007.07.19 15:29 B H:\Eva\imaging\matlab_toolbox\FastICA_2.5\FastICA_25\gui_l.m <-- Emory_Software_Server /home/yguo2/YingMatlabToolbox/FastICA_25 gui_l.m
2007.07.19 15:29 B H:\Eva\imaging\matlab_toolbox\FastICA_2.5\FastICA_25\gui_lc.m <-- Emory_Software_Server /home/yguo2/YingMatlabToolbox/FastICA_25 gui_lc.m
2007.07.19 15:29 B H:\Eva\imaging\matlab_toolbox\FastICA_2.5\FastICA_25\gui_s.m <-- Emory_Software_Server /home/yguo2/YingMatlabToolbox/FastICA_25 gui_s.m
2007.07.19 15:29 B H:\Eva\imaging\matlab_toolbox\FastICA_2.5\FastICA_25\gui_sc.m <-- Emory_Software_Server /home/yguo2/YingMatlabToolbox/FastICA_25 gui_sc.m
2007.07.19 15:29 B H:\Eva\imaging\matlab_toolbox\FastICA_2.5\FastICA_25\icaplot.m <-- Emory_Software_Server /home/yguo2/YingMatlabToolbox/FastICA_25 icaplot.m
2007.07.19 15:29 B H:\Eva\imaging\matlab_toolbox\FastICA_2.5\FastICA_25\pcamat.m <-- Emory_Software_Server /home/yguo2/YingMatlabToolbox/FastICA_25 pcamat.m
2007.07.19 15:29 B H:\Eva\imaging\matlab_toolbox\FastICA_2.5\FastICA_25\remmean.m <-- Emory_Software_Server /home/yguo2/YingMatlabToolbox/FastICA_25 remmean.m
2007.07.19 15:29 B H:\Eva\imaging\matlab_toolbox\FastICA_2.5\FastICA_25\whitenv.m <-- Emory_Software_Server /home/yguo2/YingMatlabToolbox/FastICA_25 whitenv.m
2007.10.14 12:42 B H:\Eva\imaging\matlab_toolbox\FastICA_2.5\FastICA_25\Contents.m --> suncomp.sph.emory.edu /home/yguo2/YingMatlabToolbox/FastICA_25 Contents.m
2007.10.14 12:42 B H:\Eva\imaging\matlab_toolbox\FastICA_2.5\FastICA_25\demosig.m --> suncomp.sph.emory.edu /home/yguo2/YingMatlabToolbox/FastICA_25 demosig.m
2007.10.14 12:42 B H:\Eva\imaging\matlab_toolbox\FastICA_2.5\FastICA_25\dispsig.m --> suncomp.sph.emory.edu /home/yguo2/YingMatlabToolbox/FastICA_25 dispsig.m
2007.10.14 12:42 B H:\Eva\imaging\matlab_toolbox\FastICA_2.5\FastICA_25\fastica.m --> suncomp.sph.emory.edu /home/yguo2/YingMatlabToolbox/FastICA_25 fastica.m
2007.10.14 12:42 B H:\Eva\imaging\matlab_toolbox\FastICA_2.5\FastICA_25\fastica_full.asv --> suncomp.sph.emory.edu /home/yguo2/YingMatlabToolbox/FastICA_25 fastica_full.asv
2007.10.14 12:42 B H:\Eva\imaging\matlab_toolbox\FastICA_2.5\FastICA_25\fastica_full.m --> suncomp.sph.emory.edu /home/yguo2/YingMatlabToolbox/FastICA_25 fastica_full.m
2007.10.14 12:42 B H:\Eva\imaging\matlab_toolbox\FastICA_2.5\FastICA_25\fastica_tensor.m --> suncomp.sph.emory.edu /home/yguo2/YingMatlabToolbox/FastICA_25 fastica_tensor.m
2007.10.14 12:42 B H:\Eva\imaging\matlab_toolbox\FastICA_2.5\FastICA_25\fastica_tensor.m~ --> suncomp.sph.emory.edu /home/yguo2/YingMatlabToolbox/FastICA_25 fastica_tensor.m~
2007.10.14 12:42 B H:\Eva\imaging\matlab_toolbox\FastICA_2.5\FastICA_25\fastica_tensor2.m --> suncomp.sph.emory.edu /home/yguo2/YingMatlabToolbox/FastICA_25 fastica_tensor2.m
2007.10.14 12:42 B H:\Eva\imaging\matlab_toolbox\FastICA_2.5\FastICA_25\fastica_tensor2_test3.asv --> suncomp.sph.emory.edu /home/yguo2/YingMatlabToolbox/FastICA_25 fastica_tensor2_test3.asv
2007.10.14 12:42 B H:\Eva\imaging\matlab_toolbox\FastICA_2.5\FastICA_25\fastica_tensor2_test3.m --> suncomp.sph.emory.edu /home/yguo2/YingMatlabToolbox/FastICA_25 fastica_tensor2_test3.m
2007.10.14 12:42 B H:\Eva\imaging\matlab_toolbox\FastICA_2.5\FastICA_25\fastica_tensor_ACconverge.m --> suncomp.sph.emory.edu /home/yguo2/YingMatlabToolbox/FastICA_25 fastica_tensor_ACconverge.m
2007.10.14 12:42 B H:\Eva\imaging\matlab_toolbox\FastICA_2.5\FastICA_25\fastica_tensor_ACconverge.m~ --> suncomp.sph.emory.edu /home/yguo2/YingMatlabToolbox/FastICA_25 fastica_tensor_ACconverge.m~
2007.10.14 12:42 B H:\Eva\imaging\matlab_toolbox\FastICA_2.5\FastICA_25\fasticag.m --> suncomp.sph.emory.edu /home/yguo2/YingMatlabToolbox/FastICA_25 fasticag.m
2007.10.14 12:42 B H:\Eva\imaging\matlab_toolbox\FastICA_2.5\FastICA_25\fpica-tensor.asv --> suncomp.sph.emory.edu /home/yguo2/YingMatlabToolbox/FastICA_25 fpica-tensor.asv
2007.10.14 12:42 B H:\Eva\imaging\matlab_toolbox\FastICA_2.5\FastICA_25\fpica.m --> suncomp.sph.emory.edu /home/yguo2/YingMatlabToolbox/FastICA_25 fpica.m
2007.10.14 12:42 B H:\Eva\imaging\matlab_toolbox\FastICA_2.5\FastICA_25\fpica_tensor.m --> suncomp.sph.emory.edu /home/yguo2/YingMatlabToolbox/FastICA_25 fpica_tensor.m
2007.10.14 12:42 B H:\Eva\imaging\matlab_toolbox\FastICA_2.5\FastICA_25\fpica_tensor.m~ --> suncomp.sph.emory.edu /home/yguo2/YingMatlabToolbox/FastICA_25 fpica_tensor.m~
2007.10.14 12:42 B H:\Eva\imaging\matlab_toolbox\FastICA_2.5\FastICA_25\fpica_tensor2.asv --> suncomp.sph.emory.edu /home/yguo2/YingMatlabToolbox/FastICA_25 fpica_tensor2.asv
2007.10.14 12:42 B H:\Eva\imaging\matlab_toolbox\FastICA_2.5\FastICA_25\fpica_tensor2.m --> suncomp.sph.emory.edu /home/yguo2/YingMatlabToolbox/FastICA_25 fpica_tensor2.m
2007.10.14 12:42 B H:\Eva\imaging\matlab_toolbox\FastICA_2.5\FastICA_25\fpica_tensor2.m~ --> suncomp.sph.emory.edu /home/yguo2/YingMatlabToolbox/FastICA_25 fpica_tensor2.m~
2007.10.14 12:42 B H:\Eva\imaging\matlab_toolbox\FastICA_2.5\FastICA_25\fpica_tensor2_test3.asv --> suncomp.sph.emory.edu /home/yguo2/YingMatlabToolbox/FastICA_25 fpica_tensor2_test3.asv
2007.10.14 12:42 B H:\Eva\imaging\matlab_toolbox\FastICA_2.5\FastICA_25\fpica_tensor2_test3.m --> suncomp.sph.emory.edu /home/yguo2/YingMatlabToolbox/FastICA_25 fpica_tensor2_test3.m
2007.10.14 12:42 B H:\Eva\imaging\matlab_toolbox\FastICA_2.5\FastICA_25\fpica_tensor_ACconverge.m --> suncomp.sph.emory.edu /home/yguo2/YingMatlabToolbox/FastICA_25 fpica_tensor_ACconverge.m
2007.10.14 12:42 B H:\Eva\imaging\matlab_toolbox\FastICA_2.5\FastICA_25\fpica_tensor_ACconverge.m~ --> suncomp.sph.emory.edu /home/yguo2/YingMatlabToolbox/FastICA_25 fpica_tensor_ACconverge.m~
2007.10.14 12:42 B H:\Eva\imaging\matlab_toolbox\FastICA_2.5\FastICA_25\gui_adv.m --> suncomp.sph.emory.edu /home/yguo2/YingMatlabToolbox/FastICA_25 gui_adv.m
2007.10.14 12:42 B H:\Eva\imaging\matlab_toolbox\FastICA_2.5\FastICA_25\gui_advc.m --> suncomp.sph.emory.edu /home/yguo2/YingMatlabToolbox/FastICA_25 gui_advc.m
2007.10.14 12:42 B H:\Eva\imaging\matlab_toolbox\FastICA_2.5\FastICA_25\gui_cb.m --> suncomp.sph.emory.edu /home/yguo2/YingMatlabToolbox/FastICA_25 gui_cb.m
2007.10.14 12:42 B H:\Eva\imaging\matlab_toolbox\FastICA_2.5\FastICA_25\gui_cg.m --> suncomp.sph.emory.edu /home/yguo2/YingMatlabToolbox/FastICA_25 gui_cg.m
2007.10.14 12:42 B H:\Eva\imaging\matlab_toolbox\FastICA_2.5\FastICA_25\gui_help.m --> suncomp.sph.emory.edu /home/yguo2/YingMatlabToolbox/FastICA_25 gui_help.m
2007.10.14 12:42 B H:\Eva\imaging\matlab_toolbox\FastICA_2.5\FastICA_25\gui_l.m --> suncomp.sph.emory.edu /home/yguo2/YingMatlabToolbox/FastICA_25 gui_l.m
2007.10.14 12:42 B H:\Eva\imaging\matlab_toolbox\FastICA_2.5\FastICA_25\gui_lc.m --> suncomp.sph.emory.edu /home/yguo2/YingMatlabToolbox/FastICA_25 gui_lc.m
2007.10.14 12:42 B H:\Eva\imaging\matlab_toolbox\FastICA_2.5\FastICA_25\gui_s.m --> suncomp.sph.emory.edu /home/yguo2/YingMatlabToolbox/FastICA_25 gui_s.m
2007.10.14 12:42 B H:\Eva\imaging\matlab_toolbox\FastICA_2.5\FastICA_25\gui_sc.m --> suncomp.sph.emory.edu /home/yguo2/YingMatlabToolbox/FastICA_25 gui_sc.m
2007.10.14 12:42 B H:\Eva\imaging\matlab_toolbox\FastICA_2.5\FastICA_25\icaplot.m --> suncomp.sph.emory.edu /home/yguo2/YingMatlabToolbox/FastICA_25 icaplot.m
2007.10.14 12:42 B H:\Eva\imaging\matlab_toolbox\FastICA_2.5\FastICA_25\pcamat.m --> suncomp.sph.emory.edu /home/yguo2/YingMatlabToolbox/FastICA_25 pcamat.m
2007.10.14 12:42 B H:\Eva\imaging\matlab_toolbox\FastICA_2.5\FastICA_25\remmean.m --> suncomp.sph.emory.edu /home/yguo2/YingMatlabToolbox/FastICA_25 remmean.m
2007.10.14 12:42 B H:\Eva\imaging\matlab_toolbox\FastICA_2.5\FastICA_25\whitenv.m --> suncomp.sph.emory.edu /home/yguo2/YingMatlabToolbox/FastICA_25 whitenv.m
